Spark Command: /usr/lib/jvm/java-8-openjdk-amd64/jre/bin/java -cp /users/zzheng94/spark-3.3.4-bin-hadoop3/conf/:/users/zzheng94/spark-3.3.4-bin-hadoop3/jars/* -Xmx1g org.apache.spark.deploy.history.HistoryServer
========================================
Using Spark's default log4j profile: org/apache/spark/log4j2-defaults.properties
24/02/06 17:24:51 INFO HistoryServer: Started daemon with process name: 1749@node0.group21.uwmadison744-s24-pg0.wisc.cloudlab.us
24/02/06 17:24:51 INFO SignalUtils: Registering signal handler for TERM
24/02/06 17:24:51 INFO SignalUtils: Registering signal handler for HUP
24/02/06 17:24:51 INFO SignalUtils: Registering signal handler for INT
24/02/06 17:24:52 WARN NativeCodeLoader: Unable to load native-hadoop library for your platform... using builtin-java classes where applicable
24/02/06 17:24:52 INFO SecurityManager: Changing view acls to: zzheng94
24/02/06 17:24:52 INFO SecurityManager: Changing modify acls to: zzheng94
24/02/06 17:24:52 INFO SecurityManager: Changing view acls groups to: 
24/02/06 17:24:52 INFO SecurityManager: Changing modify acls groups to: 
24/02/06 17:24:52 INFO SecurityManager: SecurityManager: authentication disabled; ui acls disabled; users  with view permissions: Set(zzheng94); groups with view permissions: Set(); users  with modify permissions: Set(zzheng94); groups with modify permissions: Set()
24/02/06 17:24:52 INFO FsHistoryProvider: History server ui acls disabled; users with admin permissions: ; groups with admin permissions: 
24/02/06 17:24:52 INFO Utils: Successfully started service 'HistoryServerUI' on port 18080.
24/02/06 17:24:52 INFO HistoryServer: Bound HistoryServer to 10.10.1.1, and started at http://node0-link-1:18080
24/02/06 17:24:52 INFO FsHistoryProvider: Parsing file:/mnt/data/spark-event-logs/app-20240206155053-0010 for listing data...
24/02/06 17:24:52 INFO FsHistoryProvider: Parsing file:/mnt/data/spark-event-logs/app-20240206154609-0009 for listing data...
24/02/06 17:24:54 INFO FsHistoryProvider: Looking for end event; skipping 3376865 bytes from file:/mnt/data/spark-event-logs/app-20240206154609-0009...
24/02/06 17:24:54 INFO FsHistoryProvider: Looking for end event; skipping 42810500 bytes from file:/mnt/data/spark-event-logs/app-20240206155053-0010...
24/02/06 17:24:54 INFO FsHistoryProvider: Finished parsing file:/mnt/data/spark-event-logs/app-20240206155053-0010
24/02/06 17:24:54 INFO FsHistoryProvider: Parsing file:/mnt/data/spark-event-logs/app-20240206154413-0008 for listing data...
24/02/06 17:24:54 INFO FsHistoryProvider: Finished parsing file:/mnt/data/spark-event-logs/app-20240206154609-0009
24/02/06 17:24:54 INFO FsHistoryProvider: Parsing file:/mnt/data/spark-event-logs/app-20240206154213-0007 for listing data...
24/02/06 17:24:54 INFO FsHistoryProvider: Finished parsing file:/mnt/data/spark-event-logs/app-20240206154413-0008
24/02/06 17:24:54 INFO FsHistoryProvider: Parsing file:/mnt/data/spark-event-logs/app-20240206154102-0006 for listing data...
24/02/06 17:24:54 INFO FsHistoryProvider: Finished parsing file:/mnt/data/spark-event-logs/app-20240206154102-0006
24/02/06 17:24:54 INFO FsHistoryProvider: Parsing file:/mnt/data/spark-event-logs/app-20240206153813-0005 for listing data...
24/02/06 17:24:54 INFO FsHistoryProvider: Finished parsing file:/mnt/data/spark-event-logs/app-20240206154213-0007
24/02/06 17:24:54 INFO FsHistoryProvider: Parsing file:/mnt/data/spark-event-logs/app-20240206153528-0004 for listing data...
24/02/06 17:24:54 INFO FsHistoryProvider: Finished parsing file:/mnt/data/spark-event-logs/app-20240206153813-0005
24/02/06 17:24:54 INFO FsHistoryProvider: Parsing file:/mnt/data/spark-event-logs/app-20240206153346-0003 for listing data...
24/02/06 17:24:54 INFO FsHistoryProvider: Finished parsing file:/mnt/data/spark-event-logs/app-20240206153528-0004
24/02/06 17:24:54 INFO FsHistoryProvider: Parsing file:/mnt/data/spark-event-logs/app-20240206151907-0002 for listing data...
24/02/06 17:24:54 INFO FsHistoryProvider: Looking for end event; skipping 18018344 bytes from file:/mnt/data/spark-event-logs/app-20240206151907-0002...
24/02/06 17:24:54 INFO FsHistoryProvider: Finished parsing file:/mnt/data/spark-event-logs/app-20240206153346-0003
24/02/06 17:24:54 INFO FsHistoryProvider: Finished parsing file:/mnt/data/spark-event-logs/app-20240206151907-0002
24/02/06 17:26:34 INFO SecurityManager: Changing view acls to: zzheng94
24/02/06 17:26:34 INFO SecurityManager: Changing modify acls to: zzheng94
24/02/06 17:26:34 INFO SecurityManager: Changing view acls groups to: 
24/02/06 17:26:34 INFO SecurityManager: Changing modify acls groups to: 
24/02/06 17:26:34 INFO SecurityManager: SecurityManager: authentication disabled; ui acls disabled; users  with view permissions: Set(zzheng94); groups with view permissions: Set(); users  with modify permissions: Set(zzheng94); groups with modify permissions: Set()
24/02/06 17:26:34 INFO SecurityManager: Changing acls enabled to: false
24/02/06 17:26:34 INFO SecurityManager: Changing admin acls to: 
24/02/06 17:26:34 INFO SecurityManager: Changing view acls to: zzheng94
24/02/06 17:26:34 INFO SecurityManager: Changing admin acls groups to: 
24/02/06 17:26:34 INFO SecurityManager: Changing view acls groups to: 
24/02/06 17:26:34 INFO FsHistoryProvider: Parsing /mnt/data/spark-event-logs/app-20240206155053-0010 to re-build UI...
24/02/06 17:26:39 INFO FsHistoryProvider: Finished parsing /mnt/data/spark-event-logs/app-20240206155053-0010
24/02/06 17:28:33 INFO FsHistoryProvider: Parsing file:/mnt/data/spark-event-logs/app-20240206172823-0014.inprogress for listing data...
24/02/06 17:28:33 INFO FsHistoryProvider: Finished parsing file:/mnt/data/spark-event-logs/app-20240206172823-0014.inprogress
24/02/06 17:29:43 INFO FsHistoryProvider: Parsing file:/mnt/data/spark-event-logs/app-20240206172933-0015.inprogress for listing data...
24/02/06 17:29:43 INFO FsHistoryProvider: Finished parsing file:/mnt/data/spark-event-logs/app-20240206172933-0015.inprogress
24/02/06 17:30:33 INFO FsHistoryProvider: Parsing file:/mnt/data/spark-event-logs/app-20240206173031-0016.inprogress for listing data...
24/02/06 17:30:33 INFO FsHistoryProvider: Finished parsing file:/mnt/data/spark-event-logs/app-20240206173031-0016.inprogress
24/02/06 20:56:18 INFO FsHistoryProvider: Parsing file:/mnt/data/spark-event-logs/app-20240206172823-0014 for listing data...
24/02/06 20:56:18 INFO FsHistoryProvider: Parsing file:/mnt/data/spark-event-logs/app-20240206172933-0015 for listing data...
24/02/06 20:56:18 INFO FsHistoryProvider: Looking for end event; skipping 11199505 bytes from file:/mnt/data/spark-event-logs/app-20240206172823-0014...
24/02/06 20:56:18 INFO FsHistoryProvider: Finished parsing file:/mnt/data/spark-event-logs/app-20240206172933-0015
24/02/06 20:56:18 INFO FsHistoryProvider: Parsing file:/mnt/data/spark-event-logs/app-20240206173031-0016 for listing data...
24/02/06 20:56:18 INFO FsHistoryProvider: Finished parsing file:/mnt/data/spark-event-logs/app-20240206173031-0016
24/02/06 20:56:18 INFO FsHistoryProvider: Finished parsing file:/mnt/data/spark-event-logs/app-20240206172823-0014
24/02/07 10:10:22 INFO FsHistoryProvider: Parsing file:/mnt/data/spark-event-logs/app-20240207101017-0017.inprogress for listing data...
24/02/07 10:10:22 INFO FsHistoryProvider: Finished parsing file:/mnt/data/spark-event-logs/app-20240207101017-0017.inprogress
24/02/07 10:13:32 INFO FsHistoryProvider: Parsing file:/mnt/data/spark-event-logs/app-20240207101017-0017 for listing data...
24/02/07 10:13:32 INFO FsHistoryProvider: Looking for end event; skipping 4949003 bytes from file:/mnt/data/spark-event-logs/app-20240207101017-0017...
24/02/07 10:13:32 INFO FsHistoryProvider: Finished parsing file:/mnt/data/spark-event-logs/app-20240207101017-0017
24/02/07 10:15:02 INFO FsHistoryProvider: Parsing file:/mnt/data/spark-event-logs/app-20240207101500-0018.inprogress for listing data...
24/02/07 10:15:02 INFO FsHistoryProvider: Finished parsing file:/mnt/data/spark-event-logs/app-20240207101500-0018.inprogress
24/02/07 10:15:40 INFO SecurityManager: Changing view acls to: zzheng94
24/02/07 10:15:40 INFO SecurityManager: Changing modify acls to: zzheng94
24/02/07 10:15:40 INFO SecurityManager: Changing view acls groups to: 
24/02/07 10:15:40 INFO SecurityManager: Changing modify acls groups to: 
24/02/07 10:15:40 INFO SecurityManager: SecurityManager: authentication disabled; ui acls disabled; users  with view permissions: Set(zzheng94); groups with view permissions: Set(); users  with modify permissions: Set(zzheng94); groups with modify permissions: Set()
24/02/07 10:15:40 INFO SecurityManager: Changing acls enabled to: false
24/02/07 10:15:40 INFO SecurityManager: Changing admin acls to: 
24/02/07 10:15:40 INFO SecurityManager: Changing view acls to: zzheng94
24/02/07 10:15:40 INFO SecurityManager: Changing admin acls groups to: 
24/02/07 10:15:40 INFO SecurityManager: Changing view acls groups to: 
24/02/07 10:15:40 INFO FsHistoryProvider: Parsing /mnt/data/spark-event-logs/app-20240207101017-0017 to re-build UI...
24/02/07 10:15:41 INFO FsHistoryProvider: Finished parsing /mnt/data/spark-event-logs/app-20240207101017-0017
24/02/07 10:15:52 INFO SecurityManager: Changing view acls to: zzheng94
24/02/07 10:15:52 INFO SecurityManager: Changing modify acls to: zzheng94
24/02/07 10:15:52 INFO SecurityManager: Changing view acls groups to: 
24/02/07 10:15:52 INFO SecurityManager: Changing modify acls groups to: 
24/02/07 10:15:52 INFO SecurityManager: SecurityManager: authentication disabled; ui acls disabled; users  with view permissions: Set(zzheng94); groups with view permissions: Set(); users  with modify permissions: Set(zzheng94); groups with modify permissions: Set()
24/02/07 10:15:52 INFO SecurityManager: Changing acls enabled to: false
24/02/07 10:15:52 INFO SecurityManager: Changing admin acls to: 
24/02/07 10:15:52 INFO SecurityManager: Changing view acls to: zzheng94
24/02/07 10:15:52 INFO SecurityManager: Changing admin acls groups to: 
24/02/07 10:15:52 INFO SecurityManager: Changing view acls groups to: 
24/02/07 10:15:52 INFO FsHistoryProvider: Parsing /mnt/data/spark-event-logs/app-20240206172933-0015 to re-build UI...
24/02/07 10:15:52 INFO FsHistoryProvider: Finished parsing /mnt/data/spark-event-logs/app-20240206172933-0015
24/02/07 10:16:18 INFO SecurityManager: Changing view acls to: zzheng94
24/02/07 10:16:18 INFO SecurityManager: Changing modify acls to: zzheng94
24/02/07 10:16:18 INFO SecurityManager: Changing view acls groups to: 
24/02/07 10:16:18 INFO SecurityManager: Changing modify acls groups to: 
24/02/07 10:16:18 INFO SecurityManager: SecurityManager: authentication disabled; ui acls disabled; users  with view permissions: Set(zzheng94); groups with view permissions: Set(); users  with modify permissions: Set(zzheng94); groups with modify permissions: Set()
24/02/07 10:16:18 INFO SecurityManager: Changing acls enabled to: false
24/02/07 10:16:18 INFO SecurityManager: Changing admin acls to: 
24/02/07 10:16:18 INFO SecurityManager: Changing view acls to: zzheng94
24/02/07 10:16:18 INFO SecurityManager: Changing admin acls groups to: 
24/02/07 10:16:18 INFO SecurityManager: Changing view acls groups to: 
24/02/07 10:16:18 INFO FsHistoryProvider: Parsing /mnt/data/spark-event-logs/app-20240206173031-0016 to re-build UI...
24/02/07 10:16:18 INFO FsHistoryProvider: Finished parsing /mnt/data/spark-event-logs/app-20240206173031-0016
24/02/07 10:16:52 INFO FsHistoryProvider: Parsing file:/mnt/data/spark-event-logs/app-20240207101500-0018 for listing data...
24/02/07 10:16:52 INFO FsHistoryProvider: Looking for end event; skipping 3565322 bytes from file:/mnt/data/spark-event-logs/app-20240207101500-0018...
24/02/07 10:16:52 INFO FsHistoryProvider: Finished parsing file:/mnt/data/spark-event-logs/app-20240207101500-0018
24/02/07 10:18:32 INFO FsHistoryProvider: Parsing file:/mnt/data/spark-event-logs/app-20240207101822-0019 for listing data...
24/02/07 10:18:32 INFO FsHistoryProvider: Finished parsing file:/mnt/data/spark-event-logs/app-20240207101822-0019
24/02/07 10:23:12 INFO FsHistoryProvider: Parsing file:/mnt/data/spark-event-logs/app-20240207102306-0020.inprogress for listing data...
24/02/07 10:23:12 INFO FsHistoryProvider: Finished parsing file:/mnt/data/spark-event-logs/app-20240207102306-0020.inprogress
24/02/07 10:23:52 INFO FsHistoryProvider: Parsing file:/mnt/data/spark-event-logs/app-20240207102306-0020 for listing data...
24/02/07 10:23:52 INFO FsHistoryProvider: Finished parsing file:/mnt/data/spark-event-logs/app-20240207102306-0020
24/02/07 10:27:11 INFO SecurityManager: Changing view acls to: zzheng94
24/02/07 10:27:11 INFO SecurityManager: Changing modify acls to: zzheng94
24/02/07 10:27:11 INFO SecurityManager: Changing view acls groups to: 
24/02/07 10:27:11 INFO SecurityManager: Changing modify acls groups to: 
24/02/07 10:27:11 INFO SecurityManager: SecurityManager: authentication disabled; ui acls disabled; users  with view permissions: Set(zzheng94); groups with view permissions: Set(); users  with modify permissions: Set(zzheng94); groups with modify permissions: Set()
24/02/07 10:27:11 INFO SecurityManager: Changing acls enabled to: false
24/02/07 10:27:11 INFO SecurityManager: Changing admin acls to: 
24/02/07 10:27:11 INFO SecurityManager: Changing view acls to: zzheng94
24/02/07 10:27:11 INFO SecurityManager: Changing admin acls groups to: 
24/02/07 10:27:11 INFO SecurityManager: Changing view acls groups to: 
24/02/07 10:27:11 INFO FsHistoryProvider: Parsing /mnt/data/spark-event-logs/app-20240206172823-0014 to re-build UI...
24/02/07 10:27:11 INFO FsHistoryProvider: Finished parsing /mnt/data/spark-event-logs/app-20240206172823-0014
24/02/07 10:32:42 INFO FsHistoryProvider: Parsing file:/mnt/data/spark-event-logs/app-20240207103235-0021.inprogress for listing data...
24/02/07 10:32:42 INFO FsHistoryProvider: Finished parsing file:/mnt/data/spark-event-logs/app-20240207103235-0021.inprogress
24/02/07 10:35:52 INFO FsHistoryProvider: Parsing file:/mnt/data/spark-event-logs/app-20240207103549-0022.inprogress for listing data...
24/02/07 10:35:52 INFO FsHistoryProvider: Finished parsing file:/mnt/data/spark-event-logs/app-20240207103549-0022.inprogress
24/02/07 10:36:32 INFO FsHistoryProvider: Parsing file:/mnt/data/spark-event-logs/app-20240207103625-0023.inprogress for listing data...
24/02/07 10:36:32 INFO FsHistoryProvider: Finished parsing file:/mnt/data/spark-event-logs/app-20240207103625-0023.inprogress
24/02/07 10:42:43 INFO FsHistoryProvider: Parsing file:/mnt/data/spark-event-logs/app-20240207103235-0021 for listing data...
24/02/07 10:42:43 INFO FsHistoryProvider: Looking for end event; skipping 12359460 bytes from file:/mnt/data/spark-event-logs/app-20240207103235-0021...
24/02/07 10:42:43 INFO FsHistoryProvider: Finished parsing file:/mnt/data/spark-event-logs/app-20240207103235-0021
24/02/07 10:43:53 INFO FsHistoryProvider: Parsing file:/mnt/data/spark-event-logs/app-20240207104346-0024.inprogress for listing data...
24/02/07 10:43:53 INFO FsHistoryProvider: Finished parsing file:/mnt/data/spark-event-logs/app-20240207104346-0024.inprogress
24/02/07 22:06:20 INFO FsHistoryProvider: Parsing file:/mnt/data/spark-event-logs/app-20240207103625-0023 for listing data...
24/02/07 22:06:20 INFO FsHistoryProvider: Parsing file:/mnt/data/spark-event-logs/app-20240207103549-0022 for listing data...
24/02/07 22:06:20 INFO FsHistoryProvider: Finished parsing file:/mnt/data/spark-event-logs/app-20240207103625-0023
24/02/07 22:06:20 INFO FsHistoryProvider: Looking for end event; skipping 2544721789 bytes from file:/mnt/data/spark-event-logs/app-20240207103549-0022...
24/02/07 22:06:20 INFO FsHistoryProvider: Finished parsing file:/mnt/data/spark-event-logs/app-20240207103549-0022
24/02/07 22:06:30 INFO FsHistoryProvider: Parsing file:/mnt/data/spark-event-logs/app-20240207104346-0024 for listing data...
24/02/07 22:06:30 INFO FsHistoryProvider: Finished parsing file:/mnt/data/spark-event-logs/app-20240207104346-0024
24/02/07 22:17:40 INFO FsHistoryProvider: Parsing file:/mnt/data/spark-event-logs/app-20240207221736-0026.inprogress for listing data...
24/02/07 22:17:40 INFO FsHistoryProvider: Finished parsing file:/mnt/data/spark-event-logs/app-20240207221736-0026.inprogress
24/02/07 22:18:10 INFO FsHistoryProvider: Parsing file:/mnt/data/spark-event-logs/app-20240207221736-0026 for listing data...
24/02/07 22:18:10 INFO FsHistoryProvider: Finished parsing file:/mnt/data/spark-event-logs/app-20240207221736-0026
